<?xml version="1.0" encoding="UTF-8"?>
<testsuite name="com.google.googlejavaformat.java.JavadocFormattingTest" time="0.607" tests="61" errors="0" skipped="0" failures="0">
  <properties>
    <property name="java.runtime.name" value="Java(TM) SE Runtime Environment"/>
    <property name="java.vm.version" value="11.0.7+8-LTS"/>
    <property name="sun.boot.library.path" value="/Library/Java/JavaVirtualMachines/jdk-11.0.7.jdk/Contents/Home/lib"/>
    <property name="gopherProxySet" value="false"/>
    <property name="maven.multiModuleProjectDirectory" value="/Users/na/Documents/google-java-format"/>
    <property name="java.vm.vendor" value="Oracle Corporation"/>
    <property name="java.vendor.url" value="https://openjdk.java.net/"/>
    <property name="guice.disable.misplaced.annotation.check" value="true"/>
    <property name="path.separator" value=":"/>
    <property name="java.vm.name" value="Java HotSpot(TM) 64-Bit Server VM"/>
    <property name="sun.os.patch.level" value="unknown"/>
    <property name="user.country" value="KR"/>
    <property name="sun.java.launcher" value="SUN_STANDARD"/>
    <property name="java.vm.specification.name" value="Java Virtual Machine Specification"/>
    <property name="user.dir" value="/Users/na/Documents/google-java-format"/>
    <property name="java.vm.compressedOopsMode" value="Zero based"/>
    <property name="java.runtime.version" value="11.0.7+8-LTS"/>
    <property name="java.awt.graphicsenv" value="sun.awt.CGraphicsEnvironment"/>
    <property name="os.arch" value="x86_64"/>
    <property name="java.io.tmpdir" value="/var/folders/jr/9y464h7s5qbgbtzp4x9khc2m0000gp/T/"/>
    <property name="line.separator" value="&#10;"/>
    <property name="java.vm.specification.vendor" value="Oracle Corporation"/>
    <property name="os.name" value="Mac OS X"/>
    <property name="classworlds.conf" value="/usr/local/Cellar/maven/3.6.3_1/libexec/bin/m2.conf"/>
    <property name="sun.jnu.encoding" value="UTF-8"/>
    <property name="java.library.path" value="/Users/na/Library/Java/Extensions:/Library/Java/Extensions:/Network/Library/Java/Extensions:/System/Library/Java/Extensions:/usr/lib/java:."/>
    <property name="maven.conf" value="/usr/local/Cellar/maven/3.6.3_1/libexec/conf"/>
    <property name="jdk.debug" value="release"/>
    <property name="java.class.version" value="55.0"/>
    <property name="java.specification.name" value="Java Platform API Specification"/>
    <property name="sun.management.compiler" value="HotSpot 64-Bit Tiered Compilers"/>
    <property name="os.version" value="10.15.4"/>
    <property name="library.jansi.path" value="/usr/local/Cellar/maven/3.6.3_1/libexec/lib/jansi-native"/>
    <property name="http.nonProxyHosts" value="local|*.local|169.254/16|*.169.254/16|localhost|*.localhost|lx.astxsvc.com|*.lx.astxsvc.com|127.0.0.1:21300|*.127.0.0.1:21300"/>
    <property name="user.home" value="/Users/na"/>
    <property name="user.timezone" value="Asia/Seoul"/>
    <property name="java.awt.printerjob" value="sun.lwawt.macosx.CPrinterJob"/>
    <property name="file.encoding" value="UTF-8"/>
    <property name="java.specification.version" value="11"/>
    <property name="user.name" value="na"/>
    <property name="java.class.path" value="/usr/local/Cellar/maven/3.6.3_1/libexec/boot/plexus-classworlds-2.6.0.jar"/>
    <property name="java.vm.specification.version" value="11"/>
    <property name="sun.arch.data.model" value="64"/>
    <property name="sun.java.command" value="org.codehaus.plexus.classworlds.launcher.Launcher install"/>
    <property name="java.home" value="/Library/Java/JavaVirtualMachines/jdk-11.0.7.jdk/Contents/Home"/>
    <property name="user.language" value="ko"/>
    <property name="java.specification.vendor" value="Oracle Corporation"/>
    <property name="awt.toolkit" value="sun.lwawt.macosx.LWCToolkit"/>
    <property name="java.vm.info" value="mixed mode"/>
    <property name="java.version" value="11.0.7"/>
    <property name="java.vendor" value="Oracle Corporation"/>
    <property name="maven.home" value="/usr/local/Cellar/maven/3.6.3_1/libexec"/>
    <property name="file.separator" value="/"/>
    <property name="java.version.date" value="2020-04-14"/>
    <property name="java.vendor.url.bug" value="https://bugreport.java.com/bugreport/"/>
    <property name="sun.io.unicode.encoding" value="UnicodeBig"/>
    <property name="sun.cpu.endian" value="little"/>
    <property name="java.vendor.version" value="18.9"/>
    <property name="socksNonProxyHosts" value="local|*.local|169.254/16|*.169.254/16|localhost|*.localhost|lx.astxsvc.com|*.lx.astxsvc.com|127.0.0.1:21300|*.127.0.0.1:21300"/>
    <property name="ftp.nonProxyHosts" value="local|*.local|169.254/16|*.169.254/16|localhost|*.localhost|lx.astxsvc.com|*.lx.astxsvc.com|127.0.0.1:21300|*.127.0.0.1:21300"/>
    <property name="sun.cpu.isalist" value=""/>
  </properties>
  <testcase name="listItemWrap" classname="com.google.googlejavaformat.java.JavadocFormattingTest" time="0.345"/>
  <testcase name="commentMostlyUntouched" classname="com.google.googlejavaformat.java.JavadocFormattingTest" time="0.005"/>
  <testcase name="paragraphTagNewlines" classname="com.google.googlejavaformat.java.JavadocFormattingTest" time="0.023"/>
  <testcase name="javadocFullSentences" classname="com.google.googlejavaformat.java.JavadocFormattingTest" time="0.007"/>
  <testcase name="tableMostlyUntouched" classname="com.google.googlejavaformat.java.JavadocFormattingTest" time="0.006"/>
  <testcase name="blankLineBeforeParams" classname="com.google.googlejavaformat.java.JavadocFormattingTest" time="0.006"/>
  <testcase name="unicodeCharacterCountArguableBug" classname="com.google.googlejavaformat.java.JavadocFormattingTest" time="0.005"/>
  <testcase name="multilineWrap" classname="com.google.googlejavaformat.java.JavadocFormattingTest" time="0.005"/>
  <testcase name="removeInitialParagraphTag" classname="com.google.googlejavaformat.java.JavadocFormattingTest" time="0.005"/>
  <testcase name="moeComments" classname="com.google.googlejavaformat.java.JavadocFormattingTest" time="0.007"/>
  <testcase name="codeInCode" classname="com.google.googlejavaformat.java.JavadocFormattingTest" time="0.005"/>
  <testcase name="tooLong" classname="com.google.googlejavaformat.java.JavadocFormattingTest" time="0.004"/>
  <testcase name="lists2" classname="com.google.googlejavaformat.java.JavadocFormattingTest" time="0.005"/>
  <testcase name="moeCommentBeginOnlyInMiddleOfDoc" classname="com.google.googlejavaformat.java.JavadocFormattingTest" time="0.005"/>
  <testcase name="joinedAtSign" classname="com.google.googlejavaformat.java.JavadocFormattingTest" time="0.006"/>
  <testcase name="xhtmlParagraphTag" classname="com.google.googlejavaformat.java.JavadocFormattingTest" time="0.005"/>
  <testcase name="paragraphTag" classname="com.google.googlejavaformat.java.JavadocFormattingTest" time="0.004"/>
  <testcase name="simple" classname="com.google.googlejavaformat.java.JavadocFormattingTest" time="0.004"/>
  <testcase name="oneLinerWouldBe101" classname="com.google.googlejavaformat.java.JavadocFormattingTest" time="0.004"/>
  <testcase name="oneLinerWouldBe102" classname="com.google.googlejavaformat.java.JavadocFormattingTest" time="0.004"/>
  <testcase name="closeInnerListStillNewline" classname="com.google.googlejavaformat.java.JavadocFormattingTest" time="0.004"/>
  <testcase name="joinLines" classname="com.google.googlejavaformat.java.JavadocFormattingTest" time="0.003"/>
  <testcase name="joinedTokens" classname="com.google.googlejavaformat.java.JavadocFormattingTest" time="0.004"/>
  <testcase name="quotedTextSplitAcrossLinks" classname="com.google.googlejavaformat.java.JavadocFormattingTest" time="0.004"/>
  <testcase name="significantAsterisks" classname="com.google.googlejavaformat.java.JavadocFormattingTest" time="0.004"/>
  <testcase name="preCodeExample" classname="com.google.googlejavaformat.java.JavadocFormattingTest" time="0.003"/>
  <testcase name="paramsContinuationIndented" classname="com.google.googlejavaformat.java.JavadocFormattingTest" time="0.004"/>
  <testcase name="listItemSpaces" classname="com.google.googlejavaformat.java.JavadocFormattingTest" time="0.004"/>
  <testcase name="moeCommentEndOnly" classname="com.google.googlejavaformat.java.JavadocFormattingTest" time="0.003"/>
  <testcase name="br" classname="com.google.googlejavaformat.java.JavadocFormattingTest" time="0.003"/>
  <testcase name="onlyParams" classname="com.google.googlejavaformat.java.JavadocFormattingTest" time="0.004"/>
  <testcase name="unclosedList" classname="com.google.googlejavaformat.java.JavadocFormattingTest" time="0.003"/>
  <testcase name="empty" classname="com.google.googlejavaformat.java.JavadocFormattingTest" time="0.004"/>
  <testcase name="links" classname="com.google.googlejavaformat.java.JavadocFormattingTest" time="0.004"/>
  <testcase name="lists" classname="com.google.googlejavaformat.java.JavadocFormattingTest" time="0.003"/>
  <testcase name="brSpaceBug" classname="com.google.googlejavaformat.java.JavadocFormattingTest" time="0.003"/>
  <testcase name="u2028LineSeparator" classname="com.google.googlejavaformat.java.JavadocFormattingTest" time="0.004"/>
  <testcase name="paramsOtherIndents" classname="com.google.googlejavaformat.java.JavadocFormattingTest" time="0.003"/>
  <testcase name="javaCodeInPre" classname="com.google.googlejavaformat.java.JavadocFormattingTest" time="0.004"/>
  <testcase name="preNotWrapped" classname="com.google.googlejavaformat.java.JavadocFormattingTest" time="0.004"/>
  <testcase name="javadocCanEndAnywhere" classname="com.google.googlejavaformat.java.JavadocFormattingTest" time="0.003"/>
  <testcase name="oneLinerIs100" classname="com.google.googlejavaformat.java.JavadocFormattingTest" time="0.004"/>
  <testcase name="emptyMultipleLines" classname="com.google.googlejavaformat.java.JavadocFormattingTest" time="0.003"/>
  <testcase name="heading" classname="com.google.googlejavaformat.java.JavadocFormattingTest" time="0.004"/>
  <testcase name="noAsterisk" classname="com.google.googlejavaformat.java.JavadocFormattingTest" time="0.003"/>
  <testcase name="windowsLineSeparator" classname="com.google.googlejavaformat.java.JavadocFormattingTest" time="0.007"/>
  <testcase name="inferParagraphTags" classname="com.google.googlejavaformat.java.JavadocFormattingTest" time="0.004"/>
  <testcase name="standardizeTags" classname="com.google.googlejavaformat.java.JavadocFormattingTest" time="0.003"/>
  <testcase name="unicodeEscapesNotInterpretedBug" classname="com.google.googlejavaformat.java.JavadocFormattingTest" time="0.004"/>
  <testcase name="notJavadoc" classname="com.google.googlejavaformat.java.JavadocFormattingTest" time="0.003"/>
  <testcase name="blockquote" classname="com.google.googlejavaformat.java.JavadocFormattingTest" time="0.004"/>
  <testcase name="htmlTagsInCode" classname="com.google.googlejavaformat.java.JavadocFormattingTest" time="0.004"/>
  <testcase name="joinedMultipleAtSign" classname="com.google.googlejavaformat.java.JavadocFormattingTest" time="0.004"/>
  <testcase name="moeCommentBeginOnlyAtEndOfDoc" classname="com.google.googlejavaformat.java.JavadocFormattingTest" time="0.004"/>
  <testcase name="javadocSentenceFragment" classname="com.google.googlejavaformat.java.JavadocFormattingTest" time="0.003"/>
  <testcase name="brAtSignBug" classname="com.google.googlejavaformat.java.JavadocFormattingTest" time="0.002"/>
  <testcase name="loneBraceDoesNotStartInlineTag" classname="com.google.googlejavaformat.java.JavadocFormattingTest" time="0.004"/>
  <testcase name="removeCloseTags" classname="com.google.googlejavaformat.java.JavadocFormattingTest" time="0.003"/>
  <testcase name="preMostlyUntouched" classname="com.google.googlejavaformat.java.JavadocFormattingTest" time="0.003"/>
  <testcase name="trailingLink" classname="com.google.googlejavaformat.java.JavadocFormattingTest" time="0.003"/>
  <testcase name="unicodeEscapesNotReplaced" classname="com.google.googlejavaformat.java.JavadocFormattingTest" time="0.003"/>
</testsuite>